[2024-07-26 10:37:54] Directory contents refreshed
[2024-07-26 10:38:03] Folder created successfully
[2024-07-26 10:38:03] Directory contents refreshed
[2024-07-26 10:38:07] No previous directory in stack
[2024-07-26 10:38:14] File created successfully
[2024-07-26 10:38:14] Directory contents refreshed
[2024-07-26 10:39:16] Directory contents refreshed
[2024-07-26 10:39:24] Folder created successfully
[2024-07-26 10:39:24] Directory contents refreshed
[2024-07-26 10:47:16] Directory contents refreshed
[2024-07-26 10:47:25] Folder created successfully
[2024-07-26 10:47:25] Directory contents refreshed
[2024-07-26 10:51:55] Directory contents refreshed
[2024-07-26 10:52:02] Folder created successfully
[2024-07-26 10:52:02] Directory contents refreshed
[2024-07-26 10:52:05] Error changing directory
[2024-07-26 10:52:09] Error changing directory
[2024-07-26 10:53:04] Directory contents refreshed
[2024-07-26 10:53:11] Folder created successfully
[2024-07-26 10:53:11] Directory contents refreshed
[2024-07-26 10:53:13] Error changing directory
[2024-07-26 11:04:26] Directory contents refreshed
[2024-07-26 11:04:33] Folder created successfully
[2024-07-26 11:04:33] Directory contents refreshed
[2024-07-26 11:05:11] Directory contents refreshed
[2024-07-26 11:05:18] Folder created successfully
[2024-07-26 11:05:18] Directory contents refreshed
[2024-07-26 11:05:19] Directory contents refreshed
[2024-07-26 11:05:26] File created successfully
[2024-07-26 11:05:26] Directory contents refreshed
[2024-07-26 11:05:28] Error changing to parent directory
[2024-07-26 11:05:29] Directory contents refreshed
[2024-07-26 11:06:22] Directory contents refreshed
[2024-07-26 11:06:29] Folder created successfully
[2024-07-26 11:06:29] Directory contents refreshed
[2024-07-26 11:06:31] Directory contents refreshed
[2024-07-26 11:06:58] File created successfully
[2024-07-26 11:06:58] Directory contents refreshed
[2024-07-26 11:07:02] Error changing to parent directory
[2024-07-26 11:07:04] Directory contents refreshed
[2024-07-26 11:42:20] Directory contents refreshed
[2024-07-26 11:42:33] Folder created successfully
[2024-07-26 11:42:33] Directory contents refreshed
[2024-07-26 11:42:41] File created successfully
[2024-07-26 11:42:41] Directory contents refreshed
[2024-07-26 11:42:42] Directory contents refreshed
[2024-07-26 11:42:49] Folder created successfully
[2024-07-26 11:42:49] Directory contents refreshed
[2024-07-26 11:42:53] Directory contents refreshed
[2024-07-26 11:43:04] Folder created successfully
[2024-07-26 11:43:04] Directory contents refreshed
[2024-07-26 11:43:05] Directory contents refreshed
[2024-07-26 11:43:15] File created successfully
[2024-07-26 11:43:15] Directory contents refreshed
[2024-07-26 11:43:44] Directory contents refreshed
[2024-07-26 11:43:45] Directory contents refreshed
[2024-07-26 11:43:47] Directory contents refreshed
[2024-07-26 11:43:49] Already at root directory
[2024-07-26 12:07:13] Error changing directory
[2024-07-26 12:07:15] Error changing directory
[2024-07-26 12:07:18] Error changing directory
[2024-07-26 12:07:19] Directory contents refreshed
[2024-07-26 12:07:20] Error changing directory
[2024-07-26 12:07:21] Error changing directory
[2024-07-26 12:07:21] Error changing directory
[2024-07-26 12:07:22] Error changing directory
[2024-07-26 12:07:22] Error changing directory
[2024-07-26 12:07:23] Error changing directory
[2024-07-26 12:07:25] Already at root directory
[2024-07-26 12:07:28] Error changing directory
[2024-07-26 12:07:29] Error changing directory
[2024-07-26 12:07:43] Folder created successfully
[2024-07-26 12:07:43] Directory contents refreshed
[2024-07-26 12:08:00] Directory contents refreshed
[2024-07-26 12:08:09] Folder created successfully
[2024-07-26 12:08:09] Directory contents refreshed
[2024-07-26 12:08:10] Directory contents refreshed
[2024-07-26 12:08:20] Folder created successfully
[2024-07-26 12:08:20] Directory contents refreshed
[2024-07-26 12:08:22] Directory contents refreshed
[2024-07-26 12:08:23] Directory contents refreshed
[2024-07-26 12:08:24] Error changing directory
[2024-07-26 12:08:25] Error changing directory
[2024-07-26 12:08:56] Folder deleted successfully
[2024-07-26 12:08:56] Directory contents refreshed
[2024-07-26 12:09:01] Folder deleted successfully
[2024-07-26 12:09:01] Directory contents refreshed
[2024-07-26 12:09:17] Folder renamed successfully
[2024-07-26 12:09:17] Directory contents refreshed
[2024-07-26 12:09:20] Error changing to parent directory
[2024-07-26 12:09:22] Directory contents refreshed
[2024-07-26 12:09:22] No previous directory in stack
[2024-07-26 12:09:23] Directory contents refreshed
[2024-07-26 12:09:28] Directory contents refreshed
[2024-07-27 15:47:15] Directory contents refreshed
[2024-07-27 15:47:28] Folder created successfully
[2024-07-27 15:47:28] Directory contents refreshed
[2024-07-27 15:47:30] Directory contents refreshed
[2024-07-27 15:47:37] File created successfully
[2024-07-27 15:47:37] Directory contents refreshed
[2024-07-27 15:47:39] Error changing to parent directory
[2024-07-27 15:47:41] Directory contents refreshed
[2024-07-27 15:49:19] Directory contents refreshed
[2024-07-27 15:49:27] Folder created successfully
[2024-07-27 15:49:27] Directory contents refreshed
[2024-07-27 15:49:29] Directory contents refreshed
[2024-07-27 15:49:34] File created successfully
[2024-07-27 15:49:34] Directory contents refreshed
[2024-07-27 15:49:38] Error changing to parent directory
[2024-07-27 15:49:38] Directory contents refreshed
[2024-07-27 18:06:03] Directory contents refreshed
[2024-07-27 18:06:13] Folder created successfully
[2024-07-27 18:06:13] Directory contents refreshed
[2024-07-27 18:06:15] Directory contents refreshed
[2024-07-27 18:06:21] File created successfully
[2024-07-27 18:06:21] Directory contents refreshed
[2024-07-27 18:06:31] File renamed successfully
[2024-07-27 18:06:31] Directory contents refreshed
[2024-07-27 18:06:34] Error changing to parent directory
[2024-07-27 18:06:35] Directory contents refreshed
[2024-07-27 18:06:41] Folder renamed successfully
[2024-07-27 18:06:41] Directory contents refreshed
[2024-07-27 18:06:47] Directory contents refreshed
[2024-07-28 11:37:32] Directory contents refreshed
[2024-07-28 11:37:43] Folder created successfully
[2024-07-28 11:37:43] Directory contents refreshed
[2024-07-28 11:40:29] Directory contents refreshed
[2024-07-28 11:40:38] File created successfully
[2024-07-28 11:40:38] Directory contents refreshed
[2024-07-28 11:40:48] File created successfully
[2024-07-28 11:40:48] Directory contents refreshed
[2024-07-28 11:41:19] Error changing to parent directory
[2024-07-28 11:41:20] Directory contents refreshed
[2024-07-28 11:42:08] Directory contents refreshed
[2024-07-28 11:42:20] File renamed successfully
[2024-07-28 11:42:20] Directory contents refreshed
[2024-07-28 11:42:31] Folder created successfully
[2024-07-28 11:42:31] Directory contents refreshed
[2024-07-28 11:43:13] Error changing to parent directory
[2024-07-28 11:43:14] Directory contents refreshed
